{"C:\\Users\\t3596696\\Documents\\MatsSports\\Igor\\QA-Fullstack\\semana2\\exercicios\\exercicio1.js": {"path":"C:\\Users\\t3596696\\Documents\\MatsSports\\Igor\\QA-Fullstack\\semana2\\exercicios\\exercicio1.js","statementMap":{"0":{"start":{"line":2,"column":2},"end":{"line":2,"column":15}},"1":{"start":{"line":5,"column":0},"end":{"line":5,"column":22}}},"fnMap":{"0":{"name":"soma","decl":{"start":{"line":1,"column":9},"end":{"line":1,"column":13}},"loc":{"start":{"line":1,"column":20},"end":{"line":3,"column":1}},"line":1}},"branchMap":{},"s":{"0":2,"1":1},"f":{"0":2},"b":{},"_coverageSchema":"1a1c01bbd47fc00a2c39e90264f33305004495a9","hash":"54e550e2211515e876797d5d2e4099de0bed1b7e"}
,"C:\\Users\\t3596696\\Documents\\MatsSports\\Igor\\QA-Fullstack\\semana2\\exercicios\\exercicio2.js": {"path":"C:\\Users\\t3596696\\Documents\\MatsSports\\Igor\\QA-Fullstack\\semana2\\exercicios\\exercicio2.js","statementMap":{"0":{"start":{"line":2,"column":19},"end":{"line":2,"column":63}},"1":{"start":{"line":3,"column":15},"end":{"line":3,"column":36}},"2":{"start":{"line":4,"column":15},"end":{"line":4,"column":24}},"3":{"start":{"line":5,"column":2},"end":{"line":9,"column":4}},"4":{"start":{"line":12,"column":0},"end":{"line":12,"column":25}}},"fnMap":{"0":{"name":"getUser","decl":{"start":{"line":1,"column":15},"end":{"line":1,"column":22}},"loc":{"start":{"line":1,"column":25},"end":{"line":10,"column":1}},"line":1}},"branchMap":{},"s":{"0":1,"1":1,"2":1,"3":1,"4":1},"f":{"0":1},"b":{},"_coverageSchema":"1a1c01bbd47fc00a2c39e90264f33305004495a9","hash":"161932a32f5beaa77de46537598a901a2120678d"}
,"C:\\Users\\t3596696\\Documents\\MatsSports\\Igor\\QA-Fullstack\\semana2\\exercicios\\exercicio3.js": {"path":"C:\\Users\\t3596696\\Documents\\MatsSports\\Igor\\QA-Fullstack\\semana2\\exercicios\\exercicio3.js","statementMap":{"0":{"start":{"line":1,"column":14},"end":{"line":1,"column":55}},"1":{"start":{"line":4,"column":2},"end":{"line":4,"column":62}},"2":{"start":{"line":4,"column":36},"end":{"line":4,"column":60}},"3":{"start":{"line":7,"column":0},"end":{"line":7,"column":29}}},"fnMap":{"0":{"name":"listarNomes","decl":{"start":{"line":3,"column":9},"end":{"line":3,"column":20}},"loc":{"start":{"line":3,"column":23},"end":{"line":5,"column":1}},"line":3},"1":{"name":"(anonymous_1)","decl":{"start":{"line":4,"column":19},"end":{"line":4,"column":20}},"loc":{"start":{"line":4,"column":36},"end":{"line":4,"column":60}},"line":4}},"branchMap":{},"s":{"0":1,"1":1,"2":5,"3":1},"f":{"0":1,"1":5},"b":{},"_coverageSchema":"1a1c01bbd47fc00a2c39e90264f33305004495a9","hash":"f6ae68dae598f9233890859f5e5dee70e76dbc16"}
,"C:\\Users\\t3596696\\Documents\\MatsSports\\Igor\\QA-Fullstack\\semana2\\exercicios\\exercicio4.js": {"path":"C:\\Users\\t3596696\\Documents\\MatsSports\\Igor\\QA-Fullstack\\semana2\\exercicios\\exercicio4.js","statementMap":{"0":{"start":{"line":1,"column":16},"end":{"line":5,"column":1}},"1":{"start":{"line":8,"column":2},"end":{"line":8,"column":79}},"2":{"start":{"line":8,"column":57},"end":{"line":8,"column":77}},"3":{"start":{"line":11,"column":0},"end":{"line":11,"column":31}}},"fnMap":{"0":{"name":"listarUsuario","decl":{"start":{"line":7,"column":9},"end":{"line":7,"column":22}},"loc":{"start":{"line":7,"column":25},"end":{"line":9,"column":1}},"line":7},"1":{"name":"(anonymous_1)","decl":{"start":{"line":8,"column":37},"end":{"line":8,"column":38}},"loc":{"start":{"line":8,"column":57},"end":{"line":8,"column":77}},"line":8}},"branchMap":{},"s":{"0":1,"1":1,"2":3,"3":1},"f":{"0":1,"1":3},"b":{},"_coverageSchema":"1a1c01bbd47fc00a2c39e90264f33305004495a9","hash":"a1d87f1ed6646bfcf77cd6529779b72bea527d8a"}
,"C:\\Users\\t3596696\\Documents\\MatsSports\\Igor\\QA-Fullstack\\semana2\\exercicios\\exercicio5.js": {"path":"C:\\Users\\t3596696\\Documents\\MatsSports\\Igor\\QA-Fullstack\\semana2\\exercicios\\exercicio5.js","statementMap":{"0":{"start":{"line":2,"column":2},"end":{"line":8,"column":3}},"1":{"start":{"line":3,"column":21},"end":{"line":3,"column":71}},"2":{"start":{"line":4,"column":17},"end":{"line":4,"column":38}},"3":{"start":{"line":5,"column":4},"end":{"line":5,"column":16}},"4":{"start":{"line":7,"column":4},"end":{"line":7,"column":36}},"5":{"start":{"line":11,"column":0},"end":{"line":11,"column":36}}},"fnMap":{"0":{"name":"acessarApiInvalida","decl":{"start":{"line":1,"column":15},"end":{"line":1,"column":33}},"loc":{"start":{"line":1,"column":36},"end":{"line":9,"column":1}},"line":1}},"branchMap":{},"s":{"0":1,"1":1,"2":0,"3":0,"4":1,"5":1},"f":{"0":1},"b":{},"_coverageSchema":"1a1c01bbd47fc00a2c39e90264f33305004495a9","hash":"8cd55c0b3d6c9d25cdb70ed203b91ebb18d9790f"}
}
