TN:
SF:semana2\exercicios\exercicio1.js
FN:1,soma
FNF:1
FNH:1
FNDA:2,soma
DA:2,2
DA:5,1
LF:2
LH:2
BRF:0
BRH:0
end_of_record
TN:
SF:semana2\exercicios\exercicio2.js
FN:1,getUser
FNF:1
FNH:1
FNDA:1,getUser
DA:2,1
DA:3,1
DA:4,1
DA:5,1
DA:12,1
LF:5
LH:5
BRF:0
BRH:0
end_of_record
TN:
SF:semana2\exercicios\exercicio3.js
FN:3,listarNomes
FN:4,(anonymous_1)
FNF:2
FNH:2
FNDA:1,listarNomes
FNDA:5,(anonymous_1)
DA:1,1
DA:4,5
DA:7,1
LF:3
LH:3
BRF:0
BRH:0
end_of_record
TN:
SF:semana2\exercicios\exercicio4.js
FN:7,listarUsuario
FN:8,(anonymous_1)
FNF:2
FNH:2
FNDA:1,listarUsuario
FNDA:3,(anonymous_1)
DA:1,1
DA:8,3
DA:11,1
LF:3
LH:3
BRF:0
BRH:0
end_of_record
TN:
SF:semana2\exercicios\exercicio5.js
FN:1,acessarApiInvalida
FNF:1
FNH:1
FNDA:1,acessarApiInvalida
DA:2,1
DA:3,1
DA:4,0
DA:5,0
DA:7,1
DA:11,1
LF:6
LH:4
BRF:0
BRH:0
end_of_record
